hal(64): 15.20-s051: (c) Copyright 1995-2018 Cadence Design Systems, Inc.
hal: Options:   -cdslib /home/adld25/01fe19bec096/and_gates/cds.lib -logfile hal.log worklib.andgate_tb:module.
hal: Snapshot:  worklib.andgate_tb:module.
hal: Workspace: /home/adld25/01fe19bec096/and_gates.
hal: Date: Mon Apr 04 17:46:07 IST 2022.

hal: Running on elaborated SNAPSHOT.....

  ==========================================================================
Performing lint checks 

halcheck(64): 15.20-s051: (c) Copyright 1995-2018 Cadence Design Systems, Inc.
visadev(64): 15.20-s051: (c) Copyright 1995-2018 Cadence Design Systems, Inc.
module andgate_tb();
|
halcheck: *W,NEEDIO (./andgate_tb.v,1|0): Top-level module 'andgate_tb' has no inputs/outputs/inouts.
initial begin
|
halcheck: *W,NOBLKN (./andgate_tb.v,5|0): Each block should be labeled with a meaningful name.
$monitor("a=%b b=%b c=%b",a,b,c);
|
halcheck: *W,BADSYS (./andgate_tb.v,6|0): System task $monitor in module 'andgate_tb' is ignored.
a=0;
|
halcheck: *W,IMPDTC (./andgate_tb.v,7|0): Expression '0' implicitly converted to type 'unsigned' from type 'signed' in module/design-unit andgate_tb.
a=0;
|
halcheck: *W,INTTOB (./andgate_tb.v,7|0): Assigning a 0 or 1 (32 bits) to a single-bit variable in module/design-unit andgate_tb.
a=0;
|
halcheck: *W,TRUNCZ (./andgate_tb.v,7|0): Truncation in constant conversion without a loss of bits in module/design-unit andgate_tb.
b=0;
|
halcheck: *W,IMPDTC (./andgate_tb.v,8|0): Expression '0' implicitly converted to type 'unsigned' from type 'signed' in module/design-unit andgate_tb.
b=0;
|
halcheck: *W,INTTOB (./andgate_tb.v,8|0): Assigning a 0 or 1 (32 bits) to a single-bit variable in module/design-unit andgate_tb.
b=0;
|
halcheck: *W,TRUNCZ (./andgate_tb.v,8|0): Truncation in constant conversion without a loss of bits in module/design-unit andgate_tb.
a=0;
|
halcheck: *W,IMPDTC (./andgate_tb.v,10|0): Expression '0' implicitly converted to type 'unsigned' from type 'signed' in module/design-unit andgate_tb.
a=0;
|
halcheck: *W,INTTOB (./andgate_tb.v,10|0): Assigning a 0 or 1 (32 bits) to a single-bit variable in module/design-unit andgate_tb.
a=0;
|
halcheck: *W,TRUNCZ (./andgate_tb.v,10|0): Truncation in constant conversion without a loss of bits in module/design-unit andgate_tb.
b=1;
|
halcheck: *W,IMPDTC (./andgate_tb.v,11|0): Expression '1' implicitly converted to type 'unsigned' from type 'signed' in module/design-unit andgate_tb.
b=1;
|
halcheck: *W,INTTOB (./andgate_tb.v,11|0): Assigning a 0 or 1 (32 bits) to a single-bit variable in module/design-unit andgate_tb.
b=1;
|
halcheck: *W,TRUNCZ (./andgate_tb.v,11|0): Truncation in constant conversion without a loss of bits in module/design-unit andgate_tb.
a=1;
|
halcheck: *W,IMPDTC (./andgate_tb.v,13|0): Expression '1' implicitly converted to type 'unsigned' from type 'signed' in module/design-unit andgate_tb.
a=1;
|
halcheck: *W,INTTOB (./andgate_tb.v,13|0): Assigning a 0 or 1 (32 bits) to a single-bit variable in module/design-unit andgate_tb.
a=1;
|
halcheck: *W,TRUNCZ (./andgate_tb.v,13|0): Truncation in constant conversion without a loss of bits in module/design-unit andgate_tb.
b=0;
|
halcheck: *W,IMPDTC (./andgate_tb.v,14|0): Expression '0' implicitly converted to type 'unsigned' from type 'signed' in module/design-unit andgate_tb.
b=0;
|
halcheck: *W,INTTOB (./andgate_tb.v,14|0): Assigning a 0 or 1 (32 bits) to a single-bit variable in module/design-unit andgate_tb.
b=0;
|
halcheck: *W,TRUNCZ (./andgate_tb.v,14|0): Truncation in constant conversion without a loss of bits in module/design-unit andgate_tb.
a=1;
|
halcheck: *W,IMPDTC (./andgate_tb.v,16|0): Expression '1' implicitly converted to type 'unsigned' from type 'signed' in module/design-unit andgate_tb.
a=1;
|
halcheck: *W,INTTOB (./andgate_tb.v,16|0): Assigning a 0 or 1 (32 bits) to a single-bit variable in module/design-unit andgate_tb.
a=1;
|
halcheck: *W,TRUNCZ (./andgate_tb.v,16|0): Truncation in constant conversion without a loss of bits in module/design-unit andgate_tb.
b=1;
|
halcheck: *W,IMPDTC (./andgate_tb.v,17|0): Expression '1' implicitly converted to type 'unsigned' from type 'signed' in module/design-unit andgate_tb.
b=1;
|
halcheck: *W,INTTOB (./andgate_tb.v,17|0): Assigning a 0 or 1 (32 bits) to a single-bit variable in module/design-unit andgate_tb.
b=1;
|
halcheck: *W,TRUNCZ (./andgate_tb.v,17|0): Truncation in constant conversion without a loss of bits in module/design-unit andgate_tb.
#10;
|
halcheck: *W,EMPSTM (./andgate_tb.v,18|0): Module 'andgate_tb' contains an empty statement.
andgate OUT (.a(a),.b(b),.c(c));
|
halcheck: *W,LCVARN (./andgate_tb.v,4|0): Module instance name 'OUT' uses uppercase characters.
andgate OUT (.a(a),.b(b),.c(c));
|
halcheck: *W,KEYWOD (./andgate_tb.v,4|0): VHDL reserved word 'OUT' used as an identifier or label.
andgate OUT (.a(a),.b(b),.c(c));
|
halcheck: *N,IDLENG (./andgate_tb.v,4|0): Identifier name 'OUT' is not of appropriate length (4 to 16 characters).
module andgate(a,b,c);
|
halcheck: *W,DIFFMN (./andgate_tb.v,22|0): Module name 'andgate' differs from file name 'andgate_tb.v'.
module andgate(a,b,c);
|
halcheck: *W,MULTMF (./andgate_tb.v,22|0): More than one design-unit definition in file 'andgate_tb.v'.
module andgate(a,b,c);
|
halcheck: *N,PRTCNT (./andgate_tb.v,22|0): Module/Entity 'andgate' contains '3' ports.
halcheck: (./andgate_tb.v,22): Number of Input ports: 2.
halcheck: (./andgate_tb.v,22): Number of Output ports: 1.
input a,b;
|
halcheck: *N,DECLIN (./andgate_tb.v,23|0): Use a separate line for each HDL declaration.
halcheck: Total errors   = 0.
halcheck: Total warnings = 32.

  ==========================================================================
Performing synthesizability checks 

cfe64: 15.20.051-s(15.20.s051): (c) Copyright 1995 - 2018 Cadence Design Systems, Inc.
cfe64 Build : Mon May  7 17:15:12 IST 2018 ldvopt246
halsynth: Loading design snapshot....
halsynth: Traversing design hierarchy....
initial begin
|
halsynth: *W,INIUSP (./andgate_tb.v,5|0): Module andgate_tb has an initial block or a variable declaration assignment, which is ignored by synthesis tools.
halsynth: Total errors   = 0.
halsynth: Total warnings = 1.

  ==========================================================================
Performing structural checks 

halstruct(64): 15.20-s051: (c) Copyright 1995-2018 Cadence Design Systems, Inc.
visadev(64): 15.20-s051: (c) Copyright 1995-2018 Cadence Design Systems, Inc.
andgate OUT (.a(a),.b(b),.c(c));
|
halstruct: *E,UNCONI (./andgate_tb.v,4|0): Input port 'a' of entity/module 'andgate' is being used inside architecture/module, but not connected (either partially or completely) in its instance 'andgate_tb.OUT'.
halstruct: (./andgate_tb.v,4): 'a' mapped to actual expression 'a' which is undriven.
andgate OUT (.a(a),.b(b),.c(c));
|
halstruct: *E,UNCONI (./andgate_tb.v,4|0): Input port 'b' of entity/module 'andgate' is being used inside architecture/module, but not connected (either partially or completely) in its instance 'andgate_tb.OUT'.
halstruct: (./andgate_tb.v,4): 'b' mapped to actual expression 'b' which is undriven.
andgate OUT (.a(a),.b(b),.c(c));
|
halstruct: *W,UNCONO (./andgate_tb.v,4|0): Port 'c' (which is being used as an output) of entity/module 'andgate' is being driven inside the design, but not connected (either partially or completely) in its instance 'andgate_tb.OUT'.
assign c=a&b;
|
halstruct: *W,SYNPRT (./andgate_tb.v,25|0): Output port 'c' is assigned asynchronously.
module andgate_tb();
|
halstruct: *N,NUMDFF (./andgate_tb.v,1|0): Number of single-bit D flip-flops present in the hierarchy is 0.
halstruct: Design facts generated in 'hal.design_facts'.
halstruct: Total errors   = 2.
halstruct: Total warnings = 2.

  ==========================================================================

Analysis summary :

 Errors   : (2)
  UNCONI (2)     

 Warnings : (35)
  BADSYS (1)      DIFFMN (1)      EMPSTM (1)      IMPDTC (8)     
  INIUSP (1)      INTTOB (8)      KEYWOD (1)      LCVARN (1)     
  MULTMF (1)      NEEDIO (1)      NOBLKN (1)      SYNPRT (1)     
  TRUNCZ (8)      UNCONO (1)     

 Notes    : (4)
  DECLIN (1)      IDLENG (1)      NUMDFF (1)      PRTCNT (1)     

Analysis complete.

 ==========================================================================

To analyze results, run following command :
    ncbrowse -64bit -cdslib /home/adld25/01fe19bec096/and_gates/cds.lib -sortby severity -sortby category -sortby tag hal.log

