hal(64): 15.20-s051: (c) Copyright 1995-2018 Cadence Design Systems, Inc.
hal: Options:   -cdslib /home/adld15/241/or_gate/cds.lib -logfile hal.log worklib.or_gate1_tb:module.
hal: Snapshot:  worklib.or_gate1_tb:module.
hal: Workspace: /home/adld15/241/or_gate.
hal: Date: Mon Apr 04 16:51:59 IST 2022.

hal: Running on elaborated SNAPSHOT.....

  ==========================================================================
Performing lint checks 

halcheck(64): 15.20-s051: (c) Copyright 1995-2018 Cadence Design Systems, Inc.
visadev(64): 15.20-s051: (c) Copyright 1995-2018 Cadence Design Systems, Inc.
module or_gate1_tb();
|
halcheck: *W,NEEDIO (./or_gate1_tb.v,1|0): Top-level module 'or_gate1_tb' has no inputs/outputs/inouts.
initial begin
|
halcheck: *W,NOBLKN (./or_gate1_tb.v,5|0): Each block should be labeled with a meaningful name.
$monitor("a=%b b=%b c=%b",a,b,c);
|
halcheck: *W,BADSYS (./or_gate1_tb.v,6|0): System task $monitor in module 'or_gate1_tb' is ignored.
a=0;
|
halcheck: *W,IMPDTC (./or_gate1_tb.v,7|0): Expression '0' implicitly converted to type 'unsigned' from type 'signed' in module/design-unit or_gate1_tb.
a=0;
|
halcheck: *W,INTTOB (./or_gate1_tb.v,7|0): Assigning a 0 or 1 (32 bits) to a single-bit variable in module/design-unit or_gate1_tb.
a=0;
|
halcheck: *W,TRUNCZ (./or_gate1_tb.v,7|0): Truncation in constant conversion without a loss of bits in module/design-unit or_gate1_tb.
b=0;
|
halcheck: *W,IMPDTC (./or_gate1_tb.v,8|0): Expression '0' implicitly converted to type 'unsigned' from type 'signed' in module/design-unit or_gate1_tb.
b=0;
|
halcheck: *W,INTTOB (./or_gate1_tb.v,8|0): Assigning a 0 or 1 (32 bits) to a single-bit variable in module/design-unit or_gate1_tb.
b=0;
|
halcheck: *W,TRUNCZ (./or_gate1_tb.v,8|0): Truncation in constant conversion without a loss of bits in module/design-unit or_gate1_tb.
a=0;
|
halcheck: *W,IMPDTC (./or_gate1_tb.v,10|0): Expression '0' implicitly converted to type 'unsigned' from type 'signed' in module/design-unit or_gate1_tb.
a=0;
|
halcheck: *W,INTTOB (./or_gate1_tb.v,10|0): Assigning a 0 or 1 (32 bits) to a single-bit variable in module/design-unit or_gate1_tb.
a=0;
|
halcheck: *W,TRUNCZ (./or_gate1_tb.v,10|0): Truncation in constant conversion without a loss of bits in module/design-unit or_gate1_tb.
b=1;
|
halcheck: *W,IMPDTC (./or_gate1_tb.v,11|0): Expression '1' implicitly converted to type 'unsigned' from type 'signed' in module/design-unit or_gate1_tb.
b=1;
|
halcheck: *W,INTTOB (./or_gate1_tb.v,11|0): Assigning a 0 or 1 (32 bits) to a single-bit variable in module/design-unit or_gate1_tb.
b=1;
|
halcheck: *W,TRUNCZ (./or_gate1_tb.v,11|0): Truncation in constant conversion without a loss of bits in module/design-unit or_gate1_tb.
a=1;
|
halcheck: *W,IMPDTC (./or_gate1_tb.v,13|0): Expression '1' implicitly converted to type 'unsigned' from type 'signed' in module/design-unit or_gate1_tb.
a=1;
|
halcheck: *W,INTTOB (./or_gate1_tb.v,13|0): Assigning a 0 or 1 (32 bits) to a single-bit variable in module/design-unit or_gate1_tb.
a=1;
|
halcheck: *W,TRUNCZ (./or_gate1_tb.v,13|0): Truncation in constant conversion without a loss of bits in module/design-unit or_gate1_tb.
b=0;
|
halcheck: *W,IMPDTC (./or_gate1_tb.v,14|0): Expression '0' implicitly converted to type 'unsigned' from type 'signed' in module/design-unit or_gate1_tb.
b=0;
|
halcheck: *W,INTTOB (./or_gate1_tb.v,14|0): Assigning a 0 or 1 (32 bits) to a single-bit variable in module/design-unit or_gate1_tb.
b=0;
|
halcheck: *W,TRUNCZ (./or_gate1_tb.v,14|0): Truncation in constant conversion without a loss of bits in module/design-unit or_gate1_tb.
a=1;
|
halcheck: *W,IMPDTC (./or_gate1_tb.v,16|0): Expression '1' implicitly converted to type 'unsigned' from type 'signed' in module/design-unit or_gate1_tb.
a=1;
|
halcheck: *W,INTTOB (./or_gate1_tb.v,16|0): Assigning a 0 or 1 (32 bits) to a single-bit variable in module/design-unit or_gate1_tb.
a=1;
|
halcheck: *W,TRUNCZ (./or_gate1_tb.v,16|0): Truncation in constant conversion without a loss of bits in module/design-unit or_gate1_tb.
b=1;
|
halcheck: *W,IMPDTC (./or_gate1_tb.v,17|0): Expression '1' implicitly converted to type 'unsigned' from type 'signed' in module/design-unit or_gate1_tb.
b=1;
|
halcheck: *W,INTTOB (./or_gate1_tb.v,17|0): Assigning a 0 or 1 (32 bits) to a single-bit variable in module/design-unit or_gate1_tb.
b=1;
|
halcheck: *W,TRUNCZ (./or_gate1_tb.v,17|0): Truncation in constant conversion without a loss of bits in module/design-unit or_gate1_tb.
#10;
|
halcheck: *W,EMPSTM (./or_gate1_tb.v,18|0): Module 'or_gate1_tb' contains an empty statement.
or_gate1 DUT(.a(a),.b(b),.c(c));
|
halcheck: *W,LCVARN (./or_gate1_tb.v,4|0): Module instance name 'DUT' uses uppercase characters.
or_gate1 DUT(.a(a),.b(b),.c(c));
|
halcheck: *N,IDLENG (./or_gate1_tb.v,4|0): Identifier name 'DUT' is not of appropriate length (4 to 16 characters).
module or_gate1(a,b,c);
|
halcheck: *W,DIFFMN (./or_gate1_tb.v,22|0): Module name 'or_gate1' differs from file name 'or_gate1_tb.v'.
module or_gate1(a,b,c);
|
halcheck: *W,MULTMF (./or_gate1_tb.v,22|0): More than one design-unit definition in file 'or_gate1_tb.v'.
module or_gate1(a,b,c);
|
halcheck: *N,PRTCNT (./or_gate1_tb.v,22|0): Module/Entity 'or_gate1' contains '3' ports.
halcheck: (./or_gate1_tb.v,22): Number of Input ports: 2.
halcheck: (./or_gate1_tb.v,22): Number of Output ports: 1.
input a,b;
|
halcheck: *N,DECLIN (./or_gate1_tb.v,23|0): Use a separate line for each HDL declaration.
halcheck: Total errors   = 0.
halcheck: Total warnings = 31.

  ==========================================================================
Performing synthesizability checks 

cfe64: 15.20.051-s(15.20.s051): (c) Copyright 1995 - 2018 Cadence Design Systems, Inc.
cfe64 Build : Mon May  7 17:15:12 IST 2018 ldvopt246
halsynth: Loading design snapshot....
halsynth: Traversing design hierarchy....
initial begin
|
halsynth: *W,INIUSP (./or_gate1_tb.v,5|0): Module or_gate1_tb has an initial block or a variable declaration assignment, which is ignored by synthesis tools.
halsynth: Total errors   = 0.
halsynth: Total warnings = 1.

  ==========================================================================
Performing structural checks 

halstruct(64): 15.20-s051: (c) Copyright 1995-2018 Cadence Design Systems, Inc.
visadev(64): 15.20-s051: (c) Copyright 1995-2018 Cadence Design Systems, Inc.
or_gate1 DUT(.a(a),.b(b),.c(c));
|
halstruct: *E,UNCONI (./or_gate1_tb.v,4|0): Input port 'a' of entity/module 'or_gate1' is being used inside architecture/module, but not connected (either partially or completely) in its instance 'or_gate1_tb.DUT'.
halstruct: (./or_gate1_tb.v,4): 'a' mapped to actual expression 'a' which is undriven.
or_gate1 DUT(.a(a),.b(b),.c(c));
|
halstruct: *E,UNCONI (./or_gate1_tb.v,4|0): Input port 'b' of entity/module 'or_gate1' is being used inside architecture/module, but not connected (either partially or completely) in its instance 'or_gate1_tb.DUT'.
halstruct: (./or_gate1_tb.v,4): 'b' mapped to actual expression 'b' which is undriven.
or_gate1 DUT(.a(a),.b(b),.c(c));
|
halstruct: *W,UNCONO (./or_gate1_tb.v,4|0): Port 'c' (which is being used as an output) of entity/module 'or_gate1' is being driven inside the design, but not connected (either partially or completely) in its instance 'or_gate1_tb.DUT'.
assign c=a|b;
|
halstruct: *W,SYNPRT (./or_gate1_tb.v,25|0): Output port 'c' is assigned asynchronously.
module or_gate1_tb();
|
halstruct: *N,NUMDFF (./or_gate1_tb.v,1|0): Number of single-bit D flip-flops present in the hierarchy is 0.
halstruct: Design facts generated in 'hal.design_facts'.
halstruct: Total errors   = 2.
halstruct: Total warnings = 2.

  ==========================================================================

Analysis summary :

 Errors   : (2)
  UNCONI (2)     

 Warnings : (34)
  BADSYS (1)      DIFFMN (1)      EMPSTM (1)      IMPDTC (8)     
  INIUSP (1)      INTTOB (8)      LCVARN (1)      MULTMF (1)     
  NEEDIO (1)      NOBLKN (1)      SYNPRT (1)      TRUNCZ (8)     
  UNCONO (1)     

 Notes    : (4)
  DECLIN (1)      IDLENG (1)      NUMDFF (1)      PRTCNT (1)     

Analysis complete.

 ==========================================================================

To analyze results, run following command :
    ncbrowse -64bit -cdslib /home/adld15/241/or_gate/cds.lib -sortby severity -sortby category -sortby tag hal.log

